<?xml version="1.0" encoding="UTF-8"?>
<!-- Generated by org.testng.reporters.JUnitReportReporter -->
<testsuite skipped="0" hostname="DESKTOP-NICN4RS" name="testcases.TestCase005_verifyOnlineStatementDownload" tests="1" failures="0" timestamp="24 Sep 2020 19:34:33 GMT" time="0.843" errors="0">
  <testcase name="verifyOnlineStatement" time="0.843" classname="testcases.TestCase005_verifyOnlineStatementDownload"/>
</testsuite> <!-- testcases.TestCase005_verifyOnlineStatementDownload -->
