<?xml version="1.0" encoding="UTF-8"?>
<!-- Generated by org.testng.reporters.JUnitReportReporter -->
<testsuite skipped="0" hostname="DESKTOP-NICN4RS" name="testcases.TestCase002_verifyAddPayee" tests="1" failures="0" timestamp="24 Sep 2020 19:34:33 GMT" time="0.909" errors="0">
  <testcase name="verifyAddPayee" time="0.909" classname="testcases.TestCase002_verifyAddPayee"/>
</testsuite> <!-- testcases.TestCase002_verifyAddPayee -->
