<?xml version="1.0" encoding="UTF-8"?>
<!-- Generated by org.testng.reporters.JUnitReportReporter -->
<testsuite skipped="0" hostname="DESKTOP-NICN4RS" name="testcases.TestCase003_verifyTransferFund" tests="1" failures="0" timestamp="24 Sep 2020 19:34:33 GMT" time="0.613" errors="0">
  <testcase name="verifyTransferFund" time="0.613" classname="testcases.TestCase003_verifyTransferFund"/>
</testsuite> <!-- testcases.TestCase003_verifyTransferFund -->
